app/build/intermediates/manifest_merge_blame_file/debug/manifest-merger-blame-debug-report.txt
1<?xml version="1.0" encoding="utf-8"?>
2<manifest xmlns:android="http://schemas.android.com/apk/res/android"
3    package="com.simplemobiletools.musicplayer.debug"
4    android:installLocation="auto"
5    android:versionCode="90"
6    android:versionName="5.8.1" >
7
8    <uses-sdk
9        android:minSdkVersion="21"
9-->src\main\AndroidManifest.xml
10        android:targetSdkVersion="30" />
10-->src\main\AndroidManifest.xml
11
12    <uses-permission android:name="android.permission.WAKE_LOCK" />
12-->src\main\AndroidManifest.xml:7:5-68
12-->src\main\AndroidManifest.xml:7:22-65
13    <uses-permission android:name="android.permission.FOREGROUND_SERVICE" />
13-->src\main\AndroidManifest.xml:8:5-77
13-->src\main\AndroidManifest.xml:8:22-74
14    <uses-permission android:name="android.permission.WRITE_EXTERNAL_STORAGE" />
14-->src\main\AndroidManifest.xml:9:5-81
14-->src\main\AndroidManifest.xml:9:22-78
15    <uses-permission android:name="android.permission.MODIFY_AUDIO_SETTINGS" />
15-->src\main\AndroidManifest.xml:10:5-80
15-->src\main\AndroidManifest.xml:10:22-77
16
17    <uses-feature
17-->src\main\AndroidManifest.xml:16:5-18:36
18        android:name="android.hardware.faketouch"
18-->src\main\AndroidManifest.xml:17:9-50
19        android:required="false" />
19-->src\main\AndroidManifest.xml:18:9-33
20    <uses-feature
20-->src\main\AndroidManifest.xml:20:5-22:36
21        android:name="android.hardware.screen.portrait"
21-->src\main\AndroidManifest.xml:21:9-56
22        android:required="false" />
22-->src\main\AndroidManifest.xml:22:9-33
23
24    <queries>
24-->[com.github.SimpleMobileTools:Simple-Commons:df457fe86a] AndroidManifest.xml:10:5-13:15
25        <package android:name="com.simplemobiletools.thankyou.debug" />
25-->[com.github.SimpleMobileTools:Simple-Commons:df457fe86a] AndroidManifest.xml:11:9-72
25-->[com.github.SimpleMobileTools:Simple-Commons:df457fe86a] AndroidManifest.xml:11:18-69
26        <package android:name="com.simplemobiletools.thankyou" />
26-->[com.github.SimpleMobileTools:Simple-Commons:df457fe86a] AndroidManifest.xml:12:9-66
26-->[com.github.SimpleMobileTools:Simple-Commons:df457fe86a] AndroidManifest.xml:12:18-63
27
28        <intent>
28-->[androidx.media:media:1.4.2] AndroidManifest.xml:25:9-27:18
29            <action android:name="android.media.browse.MediaBrowserService" />
29-->[androidx.media:media:1.4.2] AndroidManifest.xml:26:13-79
29-->[androidx.media:media:1.4.2] AndroidManifest.xml:26:21-76
30        </intent>
31    </queries>
32
33    <application
33-->src\main\AndroidManifest.xml:24:5-441:19
34        android:name="com.simplemobiletools.musicplayer.App"
34-->src\main\AndroidManifest.xml:25:9-28
35        android:allowBackup="true"
35-->src\main\AndroidManifest.xml:26:9-35
36        android:appComponentFactory="androidx.core.app.CoreComponentFactory"
36-->[androidx.core:core:1.6.0] AndroidManifest.xml:24:18-86
37        android:debuggable="true"
38        android:enabled="true"
38-->src\main\AndroidManifest.xml:27:9-31
39        android:icon="@mipmap/ic_launcher"
39-->src\main\AndroidManifest.xml:28:9-43
40        android:label="@string/app_launcher_name"
40-->src\main\AndroidManifest.xml:29:9-50
41        android:requestLegacyExternalStorage="true"
41-->src\main\AndroidManifest.xml:30:9-52
42        android:roundIcon="@mipmap/ic_launcher"
42-->src\main\AndroidManifest.xml:31:9-48
43        android:supportsRtl="true"
43-->[com.github.SimpleMobileTools:Simple-Commons:df457fe86a] AndroidManifest.xml:31:18-44
44        android:testOnly="true"
45        android:theme="@style/AppTheme" >
45-->src\main\AndroidManifest.xml:32:9-40
46        <activity
46-->src\main\AndroidManifest.xml:34:9-36:50
47            android:name="com.simplemobiletools.musicplayer.activities.SplashActivity"
47-->src\main\AndroidManifest.xml:35:13-54
48            android:theme="@style/SplashTheme" />
48-->src\main\AndroidManifest.xml:36:13-47
49
50        <activity-alias
50-->src\main\AndroidManifest.xml:429:9-440:26
51            android:name="com.simplemobiletools.musicplayer.activities.SplashActivity.Grey_black"
51-->src\main\AndroidManifest.xml:430:13-65
52            android:enabled="false"
52-->src\main\AndroidManifest.xml:431:13-36
53            android:icon="@mipmap/ic_launcher_grey_black"
53-->src\main\AndroidManifest.xml:432:13-58
54            android:roundIcon="@mipmap/ic_launcher_grey_black"
54-->src\main\AndroidManifest.xml:433:13-63
55            android:targetActivity="com.simplemobiletools.musicplayer.activities.SplashActivity" >
55-->src\main\AndroidManifest.xml:434:13-64
56            <intent-filter>
56-->src\main\AndroidManifest.xml:203:13-206:29
57                <action android:name="android.intent.action.MAIN" />
57-->src\main\AndroidManifest.xml:204:17-69
57-->src\main\AndroidManifest.xml:204:25-66
58
59                <category android:name="android.intent.category.LAUNCHER" />
59-->src\main\AndroidManifest.xml:205:17-77
59-->src\main\AndroidManifest.xml:205:27-74
60            </intent-filter>
61        </activity-alias>
62        <activity-alias
62-->src\main\AndroidManifest.xml:416:9-427:26
63            android:name="com.simplemobiletools.musicplayer.activities.SplashActivity.Blue_grey"
63-->src\main\AndroidManifest.xml:417:13-64
64            android:enabled="false"
64-->src\main\AndroidManifest.xml:418:13-36
65            android:icon="@mipmap/ic_launcher_blue_grey"
65-->src\main\AndroidManifest.xml:419:13-57
66            android:roundIcon="@mipmap/ic_launcher_blue_grey"
66-->src\main\AndroidManifest.xml:420:13-62
67            android:targetActivity="com.simplemobiletools.musicplayer.activities.SplashActivity" >
67-->src\main\AndroidManifest.xml:421:13-64
68            <intent-filter>
68-->src\main\AndroidManifest.xml:203:13-206:29
69                <action android:name="android.intent.action.MAIN" />
69-->src\main\AndroidManifest.xml:204:17-69
69-->src\main\AndroidManifest.xml:204:25-66
70
71                <category android:name="android.intent.category.LAUNCHER" />
71-->src\main\AndroidManifest.xml:205:17-77
71-->src\main\AndroidManifest.xml:205:27-74
72            </intent-filter>
73        </activity-alias>
74        <activity-alias
74-->src\main\AndroidManifest.xml:403:9-414:26
75            android:name="com.simplemobiletools.musicplayer.activities.SplashActivity.Brown"
75-->src\main\AndroidManifest.xml:404:13-60
76            android:enabled="false"
76-->src\main\AndroidManifest.xml:405:13-36
77            android:icon="@mipmap/ic_launcher_brown"
77-->src\main\AndroidManifest.xml:406:13-53
78            android:roundIcon="@mipmap/ic_launcher_brown"
78-->src\main\AndroidManifest.xml:407:13-58
79            android:targetActivity="com.simplemobiletools.musicplayer.activities.SplashActivity" >
79-->src\main\AndroidManifest.xml:408:13-64
80            <intent-filter>
80-->src\main\AndroidManifest.xml:203:13-206:29
81                <action android:name="android.intent.action.MAIN" />
81-->src\main\AndroidManifest.xml:204:17-69
81-->src\main\AndroidManifest.xml:204:25-66
82
83                <category android:name="android.intent.category.LAUNCHER" />
83-->src\main\AndroidManifest.xml:205:17-77
83-->src\main\AndroidManifest.xml:205:27-74
84            </intent-filter>
85        </activity-alias>
86        <activity-alias
86-->src\main\AndroidManifest.xml:390:9-401:26
87            android:name="com.simplemobiletools.musicplayer.activities.SplashActivity.Deep_orange"
87-->src\main\AndroidManifest.xml:391:13-66
88            android:enabled="false"
88-->src\main\AndroidManifest.xml:392:13-36
89            android:icon="@mipmap/ic_launcher_deep_orange"
89-->src\main\AndroidManifest.xml:393:13-59
90            android:roundIcon="@mipmap/ic_launcher_deep_orange"
90-->src\main\AndroidManifest.xml:394:13-64
91            android:targetActivity="com.simplemobiletools.musicplayer.activities.SplashActivity" >
91-->src\main\AndroidManifest.xml:395:13-64
92            <intent-filter>
92-->src\main\AndroidManifest.xml:203:13-206:29
93                <action android:name="android.intent.action.MAIN" />
93-->src\main\AndroidManifest.xml:204:17-69
93-->src\main\AndroidManifest.xml:204:25-66
94
95                <category android:name="android.intent.category.LAUNCHER" />
95-->src\main\AndroidManifest.xml:205:17-77
95-->src\main\AndroidManifest.xml:205:27-74
96            </intent-filter>
97        </activity-alias>
98        <activity-alias
98-->src\main\AndroidManifest.xml:378:9-388:26
99            android:name="com.simplemobiletools.musicplayer.activities.SplashActivity.Orange"
99-->src\main\AndroidManifest.xml:379:13-61
100            android:enabled="true"
100-->src\main\AndroidManifest.xml:380:13-35
101            android:icon="@mipmap/ic_launcher"
101-->src\main\AndroidManifest.xml:381:13-47
102            android:roundIcon="@mipmap/ic_launcher"
102-->src\main\AndroidManifest.xml:382:13-52
103            android:targetActivity="com.simplemobiletools.musicplayer.activities.SplashActivity" >
103-->src\main\AndroidManifest.xml:383:13-64
104            <intent-filter>
104-->src\main\AndroidManifest.xml:203:13-206:29
105                <action android:name="android.intent.action.MAIN" />
105-->src\main\AndroidManifest.xml:204:17-69
105-->src\main\AndroidManifest.xml:204:25-66
106
107                <category android:name="android.intent.category.LAUNCHER" />
107-->src\main\AndroidManifest.xml:205:17-77
107-->src\main\AndroidManifest.xml:205:27-74
108            </intent-filter>
109        </activity-alias>
110        <activity-alias
110-->src\main\AndroidManifest.xml:365:9-376:26
111            android:name="com.simplemobiletools.musicplayer.activities.SplashActivity.Amber"
111-->src\main\AndroidManifest.xml:366:13-60
112            android:enabled="false"
112-->src\main\AndroidManifest.xml:367:13-36
113            android:icon="@mipmap/ic_launcher_amber"
113-->src\main\AndroidManifest.xml:368:13-53
114            android:roundIcon="@mipmap/ic_launcher_amber"
114-->src\main\AndroidManifest.xml:369:13-58
115            android:targetActivity="com.simplemobiletools.musicplayer.activities.SplashActivity" >
115-->src\main\AndroidManifest.xml:370:13-64
116            <intent-filter>
116-->src\main\AndroidManifest.xml:203:13-206:29
117                <action android:name="android.intent.action.MAIN" />
117-->src\main\AndroidManifest.xml:204:17-69
117-->src\main\AndroidManifest.xml:204:25-66
118
119                <category android:name="android.intent.category.LAUNCHER" />
119-->src\main\AndroidManifest.xml:205:17-77
119-->src\main\AndroidManifest.xml:205:27-74
120            </intent-filter>
121        </activity-alias>
122        <activity-alias
122-->src\main\AndroidManifest.xml:352:9-363:26
123            android:name="com.simplemobiletools.musicplayer.activities.SplashActivity.Yellow"
123-->src\main\AndroidManifest.xml:353:13-61
124            android:enabled="false"
124-->src\main\AndroidManifest.xml:354:13-36
125            android:icon="@mipmap/ic_launcher_yellow"
125-->src\main\AndroidManifest.xml:355:13-54
126            android:roundIcon="@mipmap/ic_launcher_yellow"
126-->src\main\AndroidManifest.xml:356:13-59
127            android:targetActivity="com.simplemobiletools.musicplayer.activities.SplashActivity" >
127-->src\main\AndroidManifest.xml:357:13-64
128            <intent-filter>
128-->src\main\AndroidManifest.xml:203:13-206:29
129                <action android:name="android.intent.action.MAIN" />
129-->src\main\AndroidManifest.xml:204:17-69
129-->src\main\AndroidManifest.xml:204:25-66
130
131                <category android:name="android.intent.category.LAUNCHER" />
131-->src\main\AndroidManifest.xml:205:17-77
131-->src\main\AndroidManifest.xml:205:27-74
132            </intent-filter>
133        </activity-alias>
134        <activity-alias
134-->src\main\AndroidManifest.xml:339:9-350:26
135            android:name="com.simplemobiletools.musicplayer.activities.SplashActivity.Lime"
135-->src\main\AndroidManifest.xml:340:13-59
136            android:enabled="false"
136-->src\main\AndroidManifest.xml:341:13-36
137            android:icon="@mipmap/ic_launcher_lime"
137-->src\main\AndroidManifest.xml:342:13-52
138            android:roundIcon="@mipmap/ic_launcher_lime"
138-->src\main\AndroidManifest.xml:343:13-57
139            android:targetActivity="com.simplemobiletools.musicplayer.activities.SplashActivity" >
139-->src\main\AndroidManifest.xml:344:13-64
140            <intent-filter>
140-->src\main\AndroidManifest.xml:203:13-206:29
141                <action android:name="android.intent.action.MAIN" />
141-->src\main\AndroidManifest.xml:204:17-69
141-->src\main\AndroidManifest.xml:204:25-66
142
143                <category android:name="android.intent.category.LAUNCHER" />
143-->src\main\AndroidManifest.xml:205:17-77
143-->src\main\AndroidManifest.xml:205:27-74
144            </intent-filter>
145        </activity-alias>
146        <activity-alias
146-->src\main\AndroidManifest.xml:326:9-337:26
147            android:name="com.simplemobiletools.musicplayer.activities.SplashActivity.Light_green"
147-->src\main\AndroidManifest.xml:327:13-66
148            android:enabled="false"
148-->src\main\AndroidManifest.xml:328:13-36
149            android:icon="@mipmap/ic_launcher_light_green"
149-->src\main\AndroidManifest.xml:329:13-59
150            android:roundIcon="@mipmap/ic_launcher_light_green"
150-->src\main\AndroidManifest.xml:330:13-64
151            android:targetActivity="com.simplemobiletools.musicplayer.activities.SplashActivity" >
151-->src\main\AndroidManifest.xml:331:13-64
152            <intent-filter>
152-->src\main\AndroidManifest.xml:203:13-206:29
153                <action android:name="android.intent.action.MAIN" />
153-->src\main\AndroidManifest.xml:204:17-69
153-->src\main\AndroidManifest.xml:204:25-66
154
155                <category android:name="android.intent.category.LAUNCHER" />
155-->src\main\AndroidManifest.xml:205:17-77
155-->src\main\AndroidManifest.xml:205:27-74
156            </intent-filter>
157        </activity-alias>
158        <activity-alias
158-->src\main\AndroidManifest.xml:313:9-324:26
159            android:name="com.simplemobiletools.musicplayer.activities.SplashActivity.Green"
159-->src\main\AndroidManifest.xml:314:13-60
160            android:enabled="false"
160-->src\main\AndroidManifest.xml:315:13-36
161            android:icon="@mipmap/ic_launcher_green"
161-->src\main\AndroidManifest.xml:316:13-53
162            android:roundIcon="@mipmap/ic_launcher_green"
162-->src\main\AndroidManifest.xml:317:13-58
163            android:targetActivity="com.simplemobiletools.musicplayer.activities.SplashActivity" >
163-->src\main\AndroidManifest.xml:318:13-64
164            <intent-filter>
164-->src\main\AndroidManifest.xml:203:13-206:29
165                <action android:name="android.intent.action.MAIN" />
165-->src\main\AndroidManifest.xml:204:17-69
165-->src\main\AndroidManifest.xml:204:25-66
166
167                <category android:name="android.intent.category.LAUNCHER" />
167-->src\main\AndroidManifest.xml:205:17-77
167-->src\main\AndroidManifest.xml:205:27-74
168            </intent-filter>
169        </activity-alias>
170        <activity-alias
170-->src\main\AndroidManifest.xml:300:9-311:26
171            android:name="com.simplemobiletools.musicplayer.activities.SplashActivity.Teal"
171-->src\main\AndroidManifest.xml:301:13-59
172            android:enabled="false"
172-->src\main\AndroidManifest.xml:302:13-36
173            android:icon="@mipmap/ic_launcher_teal"
173-->src\main\AndroidManifest.xml:303:13-52
174            android:roundIcon="@mipmap/ic_launcher_teal"
174-->src\main\AndroidManifest.xml:304:13-57
175            android:targetActivity="com.simplemobiletools.musicplayer.activities.SplashActivity" >
175-->src\main\AndroidManifest.xml:305:13-64
176            <intent-filter>
176-->src\main\AndroidManifest.xml:203:13-206:29
177                <action android:name="android.intent.action.MAIN" />
177-->src\main\AndroidManifest.xml:204:17-69
177-->src\main\AndroidManifest.xml:204:25-66
178
179                <category android:name="android.intent.category.LAUNCHER" />
179-->src\main\AndroidManifest.xml:205:17-77
179-->src\main\AndroidManifest.xml:205:27-74
180            </intent-filter>
181        </activity-alias>
182        <activity-alias
182-->src\main\AndroidManifest.xml:287:9-298:26
183            android:name="com.simplemobiletools.musicplayer.activities.SplashActivity.Cyan"
183-->src\main\AndroidManifest.xml:288:13-59
184            android:enabled="false"
184-->src\main\AndroidManifest.xml:289:13-36
185            android:icon="@mipmap/ic_launcher_cyan"
185-->src\main\AndroidManifest.xml:290:13-52
186            android:roundIcon="@mipmap/ic_launcher_cyan"
186-->src\main\AndroidManifest.xml:291:13-57
187            android:targetActivity="com.simplemobiletools.musicplayer.activities.SplashActivity" >
187-->src\main\AndroidManifest.xml:292:13-64
188            <intent-filter>
188-->src\main\AndroidManifest.xml:203:13-206:29
189                <action android:name="android.intent.action.MAIN" />
189-->src\main\AndroidManifest.xml:204:17-69
189-->src\main\AndroidManifest.xml:204:25-66
190
191                <category android:name="android.intent.category.LAUNCHER" />
191-->src\main\AndroidManifest.xml:205:17-77
191-->src\main\AndroidManifest.xml:205:27-74
192            </intent-filter>
193        </activity-alias>
194        <activity-alias
194-->src\main\AndroidManifest.xml:274:9-285:26
195            android:name="com.simplemobiletools.musicplayer.activities.SplashActivity.Light_blue"
195-->src\main\AndroidManifest.xml:275:13-65
196            android:enabled="false"
196-->src\main\AndroidManifest.xml:276:13-36
197            android:icon="@mipmap/ic_launcher_light_blue"
197-->src\main\AndroidManifest.xml:277:13-58
198            android:roundIcon="@mipmap/ic_launcher_light_blue"
198-->src\main\AndroidManifest.xml:278:13-63
199            android:targetActivity="com.simplemobiletools.musicplayer.activities.SplashActivity" >
199-->src\main\AndroidManifest.xml:279:13-64
200            <intent-filter>
200-->src\main\AndroidManifest.xml:203:13-206:29
201                <action android:name="android.intent.action.MAIN" />
201-->src\main\AndroidManifest.xml:204:17-69
201-->src\main\AndroidManifest.xml:204:25-66
202
203                <category android:name="android.intent.category.LAUNCHER" />
203-->src\main\AndroidManifest.xml:205:17-77
203-->src\main\AndroidManifest.xml:205:27-74
204            </intent-filter>
205        </activity-alias>
206        <activity-alias
206-->src\main\AndroidManifest.xml:261:9-272:26
207            android:name="com.simplemobiletools.musicplayer.activities.SplashActivity.Blue"
207-->src\main\AndroidManifest.xml:262:13-59
208            android:enabled="false"
208-->src\main\AndroidManifest.xml:263:13-36
209            android:icon="@mipmap/ic_launcher_blue"
209-->src\main\AndroidManifest.xml:264:13-52
210            android:roundIcon="@mipmap/ic_launcher_blue"
210-->src\main\AndroidManifest.xml:265:13-57
211            android:targetActivity="com.simplemobiletools.musicplayer.activities.SplashActivity" >
211-->src\main\AndroidManifest.xml:266:13-64
212            <intent-filter>
212-->src\main\AndroidManifest.xml:203:13-206:29
213                <action android:name="android.intent.action.MAIN" />
213-->src\main\AndroidManifest.xml:204:17-69
213-->src\main\AndroidManifest.xml:204:25-66
214
215                <category android:name="android.intent.category.LAUNCHER" />
215-->src\main\AndroidManifest.xml:205:17-77
215-->src\main\AndroidManifest.xml:205:27-74
216            </intent-filter>
217        </activity-alias>
218        <activity-alias
218-->src\main\AndroidManifest.xml:248:9-259:26
219            android:name="com.simplemobiletools.musicplayer.activities.SplashActivity.Indigo"
219-->src\main\AndroidManifest.xml:249:13-61
220            android:enabled="false"
220-->src\main\AndroidManifest.xml:250:13-36
221            android:icon="@mipmap/ic_launcher_indigo"
221-->src\main\AndroidManifest.xml:251:13-54
222            android:roundIcon="@mipmap/ic_launcher_indigo"
222-->src\main\AndroidManifest.xml:252:13-59
223            android:targetActivity="com.simplemobiletools.musicplayer.activities.SplashActivity" >
223-->src\main\AndroidManifest.xml:253:13-64
224            <intent-filter>
224-->src\main\AndroidManifest.xml:203:13-206:29
225                <action android:name="android.intent.action.MAIN" />
225-->src\main\AndroidManifest.xml:204:17-69
225-->src\main\AndroidManifest.xml:204:25-66
226
227                <category android:name="android.intent.category.LAUNCHER" />
227-->src\main\AndroidManifest.xml:205:17-77
227-->src\main\AndroidManifest.xml:205:27-74
228            </intent-filter>
229        </activity-alias>
230        <activity-alias
230-->src\main\AndroidManifest.xml:235:9-246:26
231            android:name="com.simplemobiletools.musicplayer.activities.SplashActivity.Deep_purple"
231-->src\main\AndroidManifest.xml:236:13-66
232            android:enabled="false"
232-->src\main\AndroidManifest.xml:237:13-36
233            android:icon="@mipmap/ic_launcher_deep_purple"
233-->src\main\AndroidManifest.xml:238:13-59
234            android:roundIcon="@mipmap/ic_launcher_deep_purple"
234-->src\main\AndroidManifest.xml:239:13-64
235            android:targetActivity="com.simplemobiletools.musicplayer.activities.SplashActivity" >
235-->src\main\AndroidManifest.xml:240:13-64
236            <intent-filter>
236-->src\main\AndroidManifest.xml:203:13-206:29
237                <action android:name="android.intent.action.MAIN" />
237-->src\main\AndroidManifest.xml:204:17-69
237-->src\main\AndroidManifest.xml:204:25-66
238
239                <category android:name="android.intent.category.LAUNCHER" />
239-->src\main\AndroidManifest.xml:205:17-77
239-->src\main\AndroidManifest.xml:205:27-74
240            </intent-filter>
241        </activity-alias>
242        <activity-alias
242-->src\main\AndroidManifest.xml:222:9-233:26
243            android:name="com.simplemobiletools.musicplayer.activities.SplashActivity.Purple"
243-->src\main\AndroidManifest.xml:223:13-61
244            android:enabled="false"
244-->src\main\AndroidManifest.xml:224:13-36
245            android:icon="@mipmap/ic_launcher_purple"
245-->src\main\AndroidManifest.xml:225:13-54
246            android:roundIcon="@mipmap/ic_launcher_purple"
246-->src\main\AndroidManifest.xml:226:13-59
247            android:targetActivity="com.simplemobiletools.musicplayer.activities.SplashActivity" >
247-->src\main\AndroidManifest.xml:227:13-64
248            <intent-filter>
248-->src\main\AndroidManifest.xml:203:13-206:29
249                <action android:name="android.intent.action.MAIN" />
249-->src\main\AndroidManifest.xml:204:17-69
249-->src\main\AndroidManifest.xml:204:25-66
250
251                <category android:name="android.intent.category.LAUNCHER" />
251-->src\main\AndroidManifest.xml:205:17-77
251-->src\main\AndroidManifest.xml:205:27-74
252            </intent-filter>
253        </activity-alias>
254        <activity-alias
254-->src\main\AndroidManifest.xml:209:9-220:26
255            android:name="com.simplemobiletools.musicplayer.activities.SplashActivity.Pink"
255-->src\main\AndroidManifest.xml:210:13-59
256            android:enabled="false"
256-->src\main\AndroidManifest.xml:211:13-36
257            android:icon="@mipmap/ic_launcher_pink"
257-->src\main\AndroidManifest.xml:212:13-52
258            android:roundIcon="@mipmap/ic_launcher_pink"
258-->src\main\AndroidManifest.xml:213:13-57
259            android:targetActivity="com.simplemobiletools.musicplayer.activities.SplashActivity" >
259-->src\main\AndroidManifest.xml:214:13-64
260            <intent-filter>
260-->src\main\AndroidManifest.xml:203:13-206:29
261                <action android:name="android.intent.action.MAIN" />
261-->src\main\AndroidManifest.xml:204:17-69
261-->src\main\AndroidManifest.xml:204:25-66
262
263                <category android:name="android.intent.category.LAUNCHER" />
263-->src\main\AndroidManifest.xml:205:17-77
263-->src\main\AndroidManifest.xml:205:27-74
264            </intent-filter>
265        </activity-alias>
266        <activity-alias
266-->src\main\AndroidManifest.xml:196:9-207:26
267            android:name="com.simplemobiletools.musicplayer.activities.SplashActivity.Red"
267-->src\main\AndroidManifest.xml:197:13-58
268            android:enabled="false"
268-->src\main\AndroidManifest.xml:198:13-36
269            android:icon="@mipmap/ic_launcher_red"
269-->src\main\AndroidManifest.xml:199:13-51
270            android:roundIcon="@mipmap/ic_launcher_red"
270-->src\main\AndroidManifest.xml:200:13-56
271            android:targetActivity="com.simplemobiletools.musicplayer.activities.SplashActivity" >
271-->src\main\AndroidManifest.xml:201:13-64
272            <intent-filter>
272-->src\main\AndroidManifest.xml:203:13-206:29
273                <action android:name="android.intent.action.MAIN" />
273-->src\main\AndroidManifest.xml:204:17-69
273-->src\main\AndroidManifest.xml:204:25-66
274
275                <category android:name="android.intent.category.LAUNCHER" />
275-->src\main\AndroidManifest.xml:205:17-77
275-->src\main\AndroidManifest.xml:205:27-74
276            </intent-filter>
277        </activity-alias>
278
279        <activity
279-->src\main\AndroidManifest.xml:38:9-48:20
280            android:name="com.simplemobiletools.musicplayer.activities.MainActivity"
280-->src\main\AndroidManifest.xml:39:13-52
281            android:launchMode="singleTask" >
281-->src\main\AndroidManifest.xml:40:13-44
282            <meta-data
282-->src\main\AndroidManifest.xml:41:13-43:54
283                android:name="android.app.default_searchable"
283-->src\main\AndroidManifest.xml:42:17-62
284                android:resource="@xml/searchable" />
284-->src\main\AndroidManifest.xml:43:17-51
285
286            <intent-filter>
286-->src\main\AndroidManifest.xml:45:13-47:29
287                <action android:name="android.intent.action.SEARCH" />
287-->src\main\AndroidManifest.xml:46:17-71
287-->src\main\AndroidManifest.xml:46:25-68
288            </intent-filter>
289        </activity>
290        <activity
290-->src\main\AndroidManifest.xml:50:9-57:20
291            android:name="com.simplemobiletools.musicplayer.activities.WidgetConfigureActivity"
291-->src\main\AndroidManifest.xml:51:13-63
292            android:screenOrientation="portrait"
292-->src\main\AndroidManifest.xml:52:13-49
293            android:theme="@style/MyWidgetConfigTheme" >
293-->src\main\AndroidManifest.xml:53:13-55
294            <intent-filter>
294-->src\main\AndroidManifest.xml:54:13-56:29
295                <action android:name="android.appwidget.action.APPWIDGET_CONFIGURE" />
295-->src\main\AndroidManifest.xml:55:17-87
295-->src\main\AndroidManifest.xml:55:25-84
296            </intent-filter>
297        </activity>
298        <activity
298-->src\main\AndroidManifest.xml:59:9-62:69
299            android:name="com.simplemobiletools.commons.activities.AboutActivity"
299-->src\main\AndroidManifest.xml:60:13-82
300            android:label="@string/about"
300-->src\main\AndroidManifest.xml:61:13-42
301            android:parentActivityName="com.simplemobiletools.musicplayer.activities.MainActivity" />
301-->src\main\AndroidManifest.xml:62:13-66
302        <activity
302-->src\main\AndroidManifest.xml:64:9-67:73
303            android:name="com.simplemobiletools.commons.activities.CustomizationActivity"
303-->src\main\AndroidManifest.xml:65:13-90
304            android:label="@string/customize_colors"
304-->src\main\AndroidManifest.xml:66:13-53
305            android:parentActivityName="com.simplemobiletools.musicplayer.activities.SettingsActivity" />
305-->src\main\AndroidManifest.xml:67:13-70
306        <activity
306-->src\main\AndroidManifest.xml:69:9-72:69
307            android:name="com.simplemobiletools.musicplayer.activities.SettingsActivity"
307-->src\main\AndroidManifest.xml:70:13-56
308            android:label="@string/settings"
308-->src\main\AndroidManifest.xml:71:13-45
309            android:parentActivityName="com.simplemobiletools.musicplayer.activities.MainActivity" />
309-->src\main\AndroidManifest.xml:72:13-66
310        <activity
310-->src\main\AndroidManifest.xml:74:9-77:69
311            android:name="com.simplemobiletools.musicplayer.activities.EqualizerActivity"
311-->src\main\AndroidManifest.xml:75:13-57
312            android:label="@string/equalizer"
312-->src\main\AndroidManifest.xml:76:13-46
313            android:parentActivityName="com.simplemobiletools.musicplayer.activities.MainActivity" />
313-->src\main\AndroidManifest.xml:77:13-66
314        <activity
314-->src\main\AndroidManifest.xml:79:9-82:69
315            android:name="com.simplemobiletools.musicplayer.activities.AlbumsActivity"
315-->src\main\AndroidManifest.xml:80:13-54
316            android:label="@string/artist"
316-->src\main\AndroidManifest.xml:81:13-43
317            android:parentActivityName="com.simplemobiletools.musicplayer.activities.MainActivity" />
317-->src\main\AndroidManifest.xml:82:13-66
318        <activity
318-->src\main\AndroidManifest.xml:84:9-87:71
319            android:name="com.simplemobiletools.musicplayer.activities.TracksActivity"
319-->src\main\AndroidManifest.xml:85:13-54
320            android:label="@string/artist"
320-->src\main\AndroidManifest.xml:86:13-43
321            android:parentActivityName="com.simplemobiletools.musicplayer.activities.AlbumsActivity" />
321-->src\main\AndroidManifest.xml:87:13-68
322        <activity
322-->src\main\AndroidManifest.xml:89:9-116:20
323            android:name="com.simplemobiletools.musicplayer.activities.TrackActivity"
323-->src\main\AndroidManifest.xml:90:13-53
324            android:parentActivityName="com.simplemobiletools.musicplayer.activities.MainActivity"